2026-01-01 15:40:03,944 - historical_scraper - INFO - Starting historical scrape for 2024 from https://www.chittorgarh.com/report/ipo-in-india-list-main-board-sme/82/?year=2024 (Limit: 10)
2026-01-01 15:40:04,013 - WDM - INFO - ====== WebDriver manager ======
2026-01-01 15:40:38,407 - WDM - INFO - Get LATEST chromedriver version for google-chrome
2026-01-01 15:40:54,359 - historical_scraper - ERROR - Global error: Could not reach host. Are you offline?
2026-01-01 15:42:54,921 - historical_scraper - INFO - Starting historical scrape for 2024 from https://www.chittorgarh.com/report/ipo-in-india-list-main-board-sme/82/?year=2024 (Limit: 10)
2026-01-01 15:43:04,053 - historical_scraper - ERROR - Could not find table with class 'table'
2026-01-01 15:49:08,135 - historical_scraper - INFO - Starting historical scrape for 2024 from https://www.chittorgarh.com/report/ipo-in-india-list-main-board-sme/82/?year=2024 (Limit: 10)
2026-01-01 15:49:16,660 - historical_scraper - INFO - Response status: 200
2026-01-01 15:49:17,966 - historical_scraper - INFO - Searching for table with id='report_table'...
2026-01-01 15:49:18,024 - historical_scraper - ERROR - Could not find table with id 'report_table' or class 'table'
2026-01-01 15:50:36,229 - historical_scraper - INFO - Starting historical scrape for 2024 from https://www.chittorgarh.com/report/ipo-in-india-list-main-board-sme/82/?year=2024 (Limit: 10)
2026-01-01 15:50:40,367 - historical_scraper - INFO - Response status: 200
2026-01-01 15:50:40,394 - historical_scraper - INFO - Saved page content to debug_page.html
2026-01-01 15:50:41,403 - historical_scraper - INFO - Searching for table with id='report_table'...
2026-01-01 15:50:41,528 - historical_scraper - ERROR - Could not find table with id 'report_table' or class 'table'
2026-01-01 15:51:42,718 - historical_scraper - INFO - Starting historical scrape for 2024 from https://www.chittorgarh.com/report/ipo-in-india-list-main-board-sme/82/?year=2024 (Limit: 10)
2026-01-01 15:51:46,603 - historical_scraper - INFO - Response status: 200
2026-01-01 15:51:46,615 - historical_scraper - INFO - Saved page content to debug_page.html
2026-01-01 15:51:47,432 - historical_scraper - INFO - Searching for table with id='report_table'...
2026-01-01 15:51:47,620 - historical_scraper - ERROR - Could not find table or JSON data. The page may be loading data via separate API calls.
2026-01-01 15:52:47,759 - historical_scraper - INFO - Starting historical scrape for 2024 from https://www.chittorgarh.com/report/ipo-in-india-list-main-board-sme/82/?year=2024 (Limit: 10)
2026-01-01 15:52:51,652 - historical_scraper - INFO - Response status: 200
2026-01-01 15:52:51,688 - historical_scraper - INFO - Saved page content to debug_page.html
2026-01-01 15:52:52,827 - historical_scraper - INFO - Searching for __next_f.push scripts...
2026-01-01 15:52:52,907 - historical_scraper - INFO - Searching for table with id='report_table'...
2026-01-01 15:52:52,959 - historical_scraper - ERROR - Could not find table or JSON data. The page may be loading data via separate API calls.
2026-01-01 15:53:44,384 - historical_scraper - INFO - Starting historical scrape for 2024 from https://www.chittorgarh.com/report/ipo-in-india-list-main-board-sme/82/?year=2024 (Limit: 10)
2026-01-01 15:53:49,593 - historical_scraper - INFO - Response status: 200
2026-01-01 15:53:49,631 - historical_scraper - INFO - Saved page content to debug_page.html
2026-01-01 15:53:50,350 - historical_scraper - INFO - Searching for __next_f.push scripts...
2026-01-01 15:53:50,412 - historical_scraper - ERROR - Error parsing __next_f content: Unterminated string starting at: line 1 column 26 (char 25)
2026-01-01 15:53:50,533 - historical_scraper - INFO - Searching for table with id='report_table'...
2026-01-01 15:53:50,630 - historical_scraper - ERROR - Could not find table or JSON data. The page may be loading data via separate API calls.
2026-01-01 15:54:30,929 - historical_scraper - INFO - Starting historical scrape for 2024 from https://www.chittorgarh.com/report/ipo-in-india-list-main-board-sme/82/?year=2024 (Limit: 10)
2026-01-01 15:54:36,196 - historical_scraper - INFO - Response status: 200
2026-01-01 15:54:36,209 - historical_scraper - INFO - Saved page content to debug_page.html
2026-01-01 15:54:36,640 - historical_scraper - INFO - Searching for __next_f.push scripts...
2026-01-01 15:54:36,685 - historical_scraper - INFO - Found '\"reportInfo\":[' at index 33530
2026-01-01 15:54:36,745 - historical_scraper - ERROR - Error parsing __next_f content: Expecting ',' delimiter: line 1 column 2119 (char 2118)
2026-01-01 15:54:36,757 - historical_scraper - INFO - Searching for table with id='report_table'...
2026-01-01 15:54:36,820 - historical_scraper - ERROR - Could not find table or JSON data. The page may be loading data via separate API calls.
2026-01-01 15:55:33,854 - historical_scraper - INFO - Starting historical scrape for 2024 from https://www.chittorgarh.com/report/ipo-in-india-list-main-board-sme/82/?year=2024 (Limit: 10)
2026-01-01 15:55:40,443 - historical_scraper - INFO - Response status: 200
2026-01-01 15:55:40,458 - historical_scraper - INFO - Saved page content to debug_page.html
2026-01-01 15:55:40,969 - historical_scraper - INFO - Searching for __next_f.push scripts...
2026-01-01 15:55:40,975 - historical_scraper - INFO - Found 'reportInfo' in scripts content.
2026-01-01 15:55:41,019 - historical_scraper - ERROR - Error parsing consolidated scripts: Unterminated string starting at: line 1 column 26 (char 25)
2026-01-01 15:55:41,120 - historical_scraper - INFO - Searching for table with id='report_table'...
2026-01-01 15:55:41,213 - historical_scraper - ERROR - Could not find table or JSON data. The page may be loading data via separate API calls.
2026-01-01 15:56:23,408 - historical_scraper - INFO - Starting historical scrape for 2024 from https://www.chittorgarh.com/report/ipo-in-india-list-main-board-sme/82/?year=2024 (Limit: 10)
2026-01-01 15:56:27,677 - historical_scraper - INFO - Response status: 200
2026-01-01 15:56:27,688 - historical_scraper - INFO - Saved page content to debug_page.html
2026-01-01 15:56:28,420 - historical_scraper - INFO - Searching for __next_f.push scripts...
2026-01-01 15:56:28,570 - historical_scraper - INFO - Found 'reportInfo' anchor in consolidated scripts.
2026-01-01 15:56:28,660 - historical_scraper - INFO - Anchor found at index 34621
2026-01-01 15:56:28,792 - historical_scraper - ERROR - JSON Decode Error: Expecting ',' delimiter: line 1 column 2119 (char 2118)
2026-01-01 15:56:28,845 - historical_scraper - INFO - Searching for table with id='report_table'...
2026-01-01 15:56:28,907 - historical_scraper - ERROR - Could not find table or JSON data. The page may be loading data via separate API calls.
2026-01-01 15:57:09,182 - historical_scraper - INFO - Starting historical scrape for 2024 from https://www.chittorgarh.com/report/ipo-in-india-list-main-board-sme/82/?year=2024 (Limit: 10)
2026-01-01 15:57:12,705 - historical_scraper - INFO - Response status: 200
2026-01-01 15:57:12,719 - historical_scraper - INFO - Saved page content to debug_page.html
2026-01-01 15:57:13,161 - historical_scraper - INFO - Searching for script with data-id='report_data'...
2026-01-01 15:57:13,200 - historical_scraper - INFO - Searching for reportInfo in consolidated scripts (fallthrough)...
2026-01-01 15:57:13,227 - historical_scraper - INFO - Searching for table with id='report_table'...
2026-01-01 15:57:13,276 - historical_scraper - ERROR - Could not find table or JSON data. The page may be loading data via separate API calls.
2026-01-01 15:57:51,089 - historical_scraper - INFO - Starting historical scrape for 2024 from https://www.chittorgarh.com/report/ipo-in-india-list-main-board-sme/82/?year=2024 (Limit: 10)
2026-01-01 15:57:54,491 - historical_scraper - INFO - Response status: 200
2026-01-01 15:57:54,505 - historical_scraper - INFO - Saved page content to debug_page.html
2026-01-01 15:57:54,898 - historical_scraper - INFO - Iterating all scripts to find reportInfo...
2026-01-01 15:57:54,910 - historical_scraper - INFO - Script 40 (attrs={}) contains 'reportInfo'!
2026-01-01 15:57:54,919 - historical_scraper - ERROR - Failed to parse script 40: Unterminated string starting at: line 1 column 26 (char 25)
2026-01-01 15:57:54,928 - historical_scraper - INFO - Searching for table with id='report_table'...
2026-01-01 15:57:54,959 - historical_scraper - ERROR - Could not find table or JSON data. The page may be loading data via separate API calls.
2026-01-01 15:58:46,512 - historical_scraper - INFO - Starting historical scrape for 2024 from https://www.chittorgarh.com/report/ipo-in-india-list-main-board-sme/82/?year=2024 (Limit: 10)
2026-01-01 15:58:49,992 - historical_scraper - INFO - Response status: 200
2026-01-01 15:58:50,005 - historical_scraper - INFO - Saved page content to debug_page.html
2026-01-01 15:58:50,429 - historical_scraper - INFO - Aggressively searching all script content...
2026-01-01 15:58:50,445 - historical_scraper - INFO - Searching for table with id='report_table'...
2026-01-01 15:58:50,475 - historical_scraper - ERROR - Could not find table or JSON data. The page may be loading data via separate API calls.
2026-01-01 15:59:29,266 - historical_scraper - INFO - Starting historical scrape for 2024 from https://www.chittorgarh.com/report/ipo-in-india-list-main-board-sme/82/?year=2024 (Limit: 10)
2026-01-01 15:59:33,009 - historical_scraper - INFO - Response status: 200
2026-01-01 15:59:33,021 - historical_scraper - INFO - Saved page content to debug_page.html
2026-01-01 15:59:33,486 - historical_scraper - INFO - Deep inspection of all scripts...
2026-01-01 15:59:33,496 - historical_scraper - INFO - Script 24 length: 130. Snippet: document.querySelectorAll('body link[rel="icon"], body link[rel="apple-touch-icon"]').forEach(el => document.head.appendChild(el))...
2026-01-01 15:59:33,502 - historical_scraper - INFO - Script 25 length: 845. Snippet: $RB=[];$RV=function(a){$RT=performance.now();for(var b=0;b<a.length;b+=2){var c=a[b],e=a[b+1];null!==e.parentNode&&e.parentNode.removeChild(e);var f=c.parentNode;if(f){var g=c.previousSibling,h=0;do{i...
2026-01-01 15:59:33,515 - historical_scraper - INFO - Script 28 length: 4344. Snippet: self.__next_f.push([1,"1:\"$Sreact.fragment\"\n2:I[52129,[\"/_next/static/chunks/a557318cc4aaf1f8.js\",\"/_next/static/chunks/8a4dd8649c6938e3.js\"],\"default\"]\n3:I[39756,[\"/_next/static/chunks/208...
2026-01-01 15:59:33,530 - historical_scraper - INFO - Script 29 length: 1881. Snippet: self.__next_f.push([1,"/chunks/401c5eb1678739e6.js\",\"/_next/static/chunks/33e15fc4bd96b56d.js\",\"/_next/static/chunks/50ef492a049b12c4.js\"],\"\"]\n17:I[48775,[\"/_next/static/chunks/a557318cc4aaf1...
2026-01-01 15:59:33,543 - historical_scraper - INFO - Script 30 length: 6281. Snippet: self.__next_f.push([1,"0:{\"P\":null,\"b\":\"2026-01-01T08-22-34-016Z\",\"c\":[\"\",\"report\",\"ipo-in-india-list-main-board-sme\",\"82\",\"?year=2024\"],\"q\":\"?year=2024\",\"i\":false,\"f\":[[[\"\...
2026-01-01 15:59:33,557 - historical_scraper - INFO - Script 31 length: 5249. Snippet: self.__next_f.push([1,"10:[[\"$\",\"meta\",\"0\",{\"charSet\":\"utf-8\"}],[\"$\",\"meta\",\"1\",{\"name\":\"viewport\",\"content\":\"width=device-width, initial-scale=1\"}]]\n18:T49f,\u003cp\u003eThe ...
2026-01-01 15:59:33,566 - historical_scraper - INFO - --- MATCH FOUND IN SCRIPT 31 ---
2026-01-01 15:59:33,577 - historical_scraper - INFO - Script 32 length: 4269. Snippet: self.__next_f.push([1,"ostic IPO\"\u003eModern Diagnostic IPO\u003c/a\u003e.\u003c/p\u003e\n\n\n\n\u003cdiv class=\"row px-2 mt-4 align-items-center\"\u003e\n  \n  \u003cdiv class=\"col-auto d-flex al...
2026-01-01 15:59:33,584 - historical_scraper - INFO - --- MATCH FOUND IN SCRIPT 32 ---
2026-01-01 15:59:33,595 - historical_scraper - INFO - Script 33 length: 2168. Snippet: self.__next_f.push([1,"\u003cp\u003eInvesting in an IPO can be attractive, but it comes with several risks that investors must understand before applying.\u003c/p\u003e\n\u003cul\u003e\n\u003cli\u003e...
2026-01-01 15:59:33,609 - historical_scraper - INFO - Script 35 length: 2090. Snippet: self.__next_f.push([1,"\u003cp\u003eThe choice between an SME IPO and a \u003cspan data-index=\"7527\" data-component=\"keyword-popup\" data-record-id=\"48\" data-slug=\"mainboard-ipo\"\u003e\u003ca h...
2026-01-01 15:59:33,642 - historical_scraper - INFO - Script 37 length: 2791. Snippet: self.__next_f.push([1,"\u003cp\u003eAn IPO can be a good investment for retail investors for several reasons:\u003c/p\u003e\n\u003cp\u003e\u003cstrong\u003eOpportunity to Invest Early\u003c/strong\u00...
2026-01-01 15:59:33,673 - historical_scraper - INFO - Script 39 length: 2370. Snippet: self.__next_f.push([1,"\u003cul\u003e\n\u003cli\u003eCompany decides to go public, appoints merchant bankers and prepares documents to raise money through an IPO.\u003c/li\u003e\n\u003cli\u003eA Draft...
2026-01-01 15:59:33,682 - historical_scraper - INFO - Script 40 length: 20075. Snippet: self.__next_f.push([1,"b:[[\"$\",\"$L14\",null,{\"type\":\"ipo\"}],[\"$\",\"$L15\",null,{\"adType\":\"IPOPage\"}],[\"$\",\"div\",null,{\"className\":\"container py-2\",\"children\":[[\"$\",\"div\",nul...
2026-01-01 15:59:33,696 - historical_scraper - INFO - --- MATCH FOUND IN SCRIPT 40 ---
2026-01-01 15:59:33,704 - historical_scraper - INFO - Script 41 length: 1731. Snippet: self.__next_f.push([1,"12:[[\"$\",\"title\",\"0\",{\"children\":\"IPOs Watch 2024 | IPOs List | New IPOs 2024\"}],[\"$\",\"link\",\"1\",{\"rel\":\"manifest\",\"href\":\"/manifest.json\",\"crossOrigin\...
2026-01-01 15:59:33,713 - historical_scraper - INFO - Script 43 length: 902. Snippet: (function(){function c(){var b=a.contentDocument||a.contentWindow.document;if(b){var d=b.createElement('script');d.innerHTML="window.__CF$cv$params={r:'9b715612fafe3dbf',t:'MTc2NzI2MzM3Mw=='};var a=do...
2026-01-01 15:59:33,723 - historical_scraper - INFO - Searching for table with id='report_table'...
2026-01-01 15:59:33,764 - historical_scraper - ERROR - Could not find table or JSON data. The page may be loading data via separate API calls.
2026-01-01 16:00:12,397 - historical_scraper - INFO - Starting historical scrape for 2024 from https://www.chittorgarh.com/report/ipo-in-india-list-main-board-sme/82/?year=2024 (Limit: 10)
2026-01-01 16:00:15,672 - historical_scraper - INFO - Response status: 200
2026-01-01 16:00:15,684 - historical_scraper - INFO - Saved page content to debug_page.html
2026-01-01 16:00:16,096 - historical_scraper - INFO - Reverting to table scraping...
2026-01-01 16:00:16,106 - historical_scraper - INFO - Found 0 tables on the page.
2026-01-01 16:00:16,134 - historical_scraper - ERROR - Could not find IPO data using any method.
2026-01-01 16:00:16,138 - historical_scraper - ERROR - Global error: cannot access local variable 'table' where it is not associated with a value
2026-01-01 16:00:53,661 - historical_scraper - INFO - Starting historical scrape for 2024 from https://www.chittorgarh.com/report/ipo-in-india-list-main-board-sme/82/?year=2024 (Limit: 10)
2026-01-01 16:00:56,931 - historical_scraper - INFO - Response status: 200
2026-01-01 16:00:56,944 - historical_scraper - INFO - Saved page content to debug_page.html
2026-01-01 16:00:57,374 - historical_scraper - INFO - Deep structure inspection...
2026-01-01 16:00:57,408 - historical_scraper - INFO - Interesting DIV found: id='ipoCollapse', classes=['accordion-collapse', 'collapse', 'show']
2026-01-01 16:00:57,418 - historical_scraper - INFO - Interesting DIV found: id='report_data', classes=['col-12', 'border-0']
2026-01-01 16:00:57,427 - historical_scraper - ERROR - Global error: cannot access local variable 'target_table' where it is not associated with a value
2026-01-01 16:01:45,874 - historical_scraper - INFO - Starting historical scrape for 2024 from https://www.chittorgarh.com/report/ipo-in-india-list-main-board-sme/82/?year=2024 (Limit: 10)
2026-01-01 16:01:49,142 - historical_scraper - INFO - Response status: 200
2026-01-01 16:01:49,153 - historical_scraper - INFO - Saved page content to debug_page.html
2026-01-01 16:01:49,745 - historical_scraper - INFO - Targeted search for reportInfo in scripts...
2026-01-01 16:01:49,869 - historical_scraper - INFO - Found 'reportInfo' in script 40. Length: 20075
2026-01-01 16:01:49,924 - historical_scraper - ERROR - JSON Decode Error in script 40: Unterminated string starting at: line 1 column 26 (char 25). Snippet: [{"id":82,"report_title":"[[Title]...
2026-01-01 16:01:50,020 - historical_scraper - ERROR - Could not extract IPO data from scripts. Falling back to table search...
2026-01-01 16:01:50,127 - historical_scraper - ERROR - All extraction methods failed.
2026-01-01 16:02:50,442 - historical_scraper - INFO - Starting historical scrape for 2024 from https://www.chittorgarh.com/report/ipo-in-india-list-main-board-sme/82/?year=2024 (Limit: 10)
2026-01-01 16:02:56,619 - historical_scraper - INFO - Response status: 200
2026-01-01 16:02:56,644 - historical_scraper - INFO - Saved page content to debug_page.html
2026-01-01 16:02:57,334 - historical_scraper - INFO - Aggressive data recovery from scripts...
2026-01-01 16:02:57,352 - historical_scraper - ERROR - All extraction methods failed.
2026-01-01 16:03:40,533 - historical_scraper - INFO - Starting historical scrape for 2024 from https://www.chittorgarh.com/report/ipo-in-india-list-main-board-sme/82/?year=2024 (Limit: 10)
2026-01-01 16:03:44,446 - historical_scraper - INFO - Response status: 200
2026-01-01 16:03:44,459 - historical_scraper - INFO - Saved page content to debug_page.html
2026-01-01 16:03:44,885 - historical_scraper - INFO - Iterating all script tags for discovery...
2026-01-01 16:03:44,896 - historical_scraper - INFO - Script 0 [id=No ID]: ...
2026-01-01 16:03:44,900 - historical_scraper - INFO - Script 1 [id=No ID]: ...
2026-01-01 16:03:44,905 - historical_scraper - INFO - Script 2 [id=No ID]: ...
2026-01-01 16:03:44,912 - historical_scraper - INFO - Script 3 [id=No ID]: ...
2026-01-01 16:03:44,915 - historical_scraper - INFO - Script 4 [id=No ID]: ...
2026-01-01 16:03:44,918 - historical_scraper - INFO - Script 5 [id=No ID]: ...
2026-01-01 16:03:44,922 - historical_scraper - INFO - Script 6 [id=No ID]: ...
2026-01-01 16:03:44,931 - historical_scraper - INFO - Script 7 [id=No ID]: ...
2026-01-01 16:03:44,936 - historical_scraper - INFO - Script 8 [id=No ID]: ...
2026-01-01 16:03:44,949 - historical_scraper - INFO - Script 9 [id=No ID]: ...
2026-01-01 16:03:44,965 - historical_scraper - INFO - Script 10 [id=No ID]: ...
2026-01-01 16:03:44,972 - historical_scraper - INFO - Script 11 [id=No ID]: ...
2026-01-01 16:03:44,978 - historical_scraper - INFO - Script 12 [id=No ID]: ...
2026-01-01 16:03:44,981 - historical_scraper - INFO - Script 13 [id=No ID]: ...
2026-01-01 16:03:44,985 - historical_scraper - INFO - Script 14 [id=No ID]: ...
2026-01-01 16:03:44,989 - historical_scraper - INFO - Script 15 [id=No ID]: ...
2026-01-01 16:03:44,993 - historical_scraper - INFO - Script 16 [id=No ID]: ...
2026-01-01 16:03:44,998 - historical_scraper - INFO - Script 17 [id=No ID]: ...
2026-01-01 16:03:45,002 - historical_scraper - INFO - Script 18 [id=No ID]: ...
2026-01-01 16:03:45,008 - historical_scraper - INFO - Script 19 [id=No ID]: ...
2026-01-01 16:03:45,021 - historical_scraper - INFO - Script 20 [id=No ID]: ...
2026-01-01 16:03:45,031 - historical_scraper - INFO - Script 21 [id=No ID]: ...
2026-01-01 16:03:45,035 - historical_scraper - INFO - Script 22 [id=No ID]: requestAnimationFrame(function(){$RT=performance.now()});...
2026-01-01 16:03:45,048 - historical_scraper - INFO - Script 23 [id=_R_]: ...
2026-01-01 16:03:45,055 - historical_scraper - INFO - Script 24 [id=No ID]: document.querySelectorAll('body link[rel="icon"], body link[rel="apple-touch-icon"]').forEach(el => ...
2026-01-01 16:03:45,065 - historical_scraper - INFO - Script 25 [id=No ID]: $RB=[];$RV=function(a){$RT=performance.now();for(var b=0;b<a.length;b+=2){var c=a[b],e=a[b+1];null!=...
2026-01-01 16:03:45,071 - historical_scraper - INFO - Script 26 [id=No ID]: $RC("B:1","S:1")...
2026-01-01 16:03:45,078 - historical_scraper - INFO - Script 27 [id=No ID]: (self.__next_f=self.__next_f||[]).push([0])...
2026-01-01 16:03:45,084 - historical_scraper - INFO - Script 28 [id=No ID]: self.__next_f.push([1,"1:\"$Sreact.fragment\"\n2:I[52129,[\"/_next/static/chunks/a557318cc4aaf1f8.js...
2026-01-01 16:03:45,089 - historical_scraper - INFO - Script 29 [id=No ID]: self.__next_f.push([1,"/chunks/401c5eb1678739e6.js\",\"/_next/static/chunks/33e15fc4bd96b56d.js\",\"...
2026-01-01 16:03:45,098 - historical_scraper - INFO - --- POTENTIAL DATA IN SCRIPT 29 ---
2026-01-01 16:03:45,102 - historical_scraper - INFO - Script 30 [id=No ID]: self.__next_f.push([1,"0:{\"P\":null,\"b\":\"2026-01-01T08-22-34-016Z\",\"c\":[\"\",\"report\",\"ipo...
2026-01-01 16:03:45,109 - historical_scraper - INFO - --- POTENTIAL DATA IN SCRIPT 30 ---
2026-01-01 16:03:45,113 - historical_scraper - INFO - Script 31 [id=No ID]: self.__next_f.push([1,"10:[[\"$\",\"meta\",\"0\",{\"charSet\":\"utf-8\"}],[\"$\",\"meta\",\"1\",{\"n...
2026-01-01 16:03:45,121 - historical_scraper - INFO - --- POTENTIAL DATA IN SCRIPT 31 ---
2026-01-01 16:03:45,131 - historical_scraper - INFO - Script 32 [id=No ID]: self.__next_f.push([1,"ostic IPO\"\u003eModern Diagnostic IPO\u003c/a\u003e.\u003c/p\u003e\n\n\n\n\u...
2026-01-01 16:03:45,153 - historical_scraper - INFO - --- POTENTIAL DATA IN SCRIPT 32 ---
2026-01-01 16:03:45,156 - historical_scraper - INFO - Script 33 [id=No ID]: self.__next_f.push([1,"\u003cp\u003eInvesting in an IPO can be attractive, but it comes with several...
2026-01-01 16:03:45,164 - historical_scraper - INFO - --- POTENTIAL DATA IN SCRIPT 33 ---
2026-01-01 16:03:45,169 - historical_scraper - INFO - Script 34 [id=No ID]: self.__next_f.push([1,"20:T5d3,"])...
2026-01-01 16:03:45,173 - historical_scraper - INFO - Script 35 [id=No ID]: self.__next_f.push([1,"\u003cp\u003eThe choice between an SME IPO and a \u003cspan data-index=\"7527...
2026-01-01 16:03:45,179 - historical_scraper - INFO - --- POTENTIAL DATA IN SCRIPT 35 ---
2026-01-01 16:03:45,182 - historical_scraper - INFO - Script 36 [id=No ID]: self.__next_f.push([1,"21:T90c,"])...
2026-01-01 16:03:45,187 - historical_scraper - INFO - Script 37 [id=No ID]: self.__next_f.push([1,"\u003cp\u003eAn IPO can be a good investment for retail investors for several...
2026-01-01 16:03:45,195 - historical_scraper - INFO - --- POTENTIAL DATA IN SCRIPT 37 ---
2026-01-01 16:03:45,200 - historical_scraper - INFO - Script 38 [id=No ID]: self.__next_f.push([1,"22:T70f,"])...
2026-01-01 16:03:45,204 - historical_scraper - INFO - Script 39 [id=No ID]: self.__next_f.push([1,"\u003cul\u003e\n\u003cli\u003eCompany decides to go public, appoints merchant...
2026-01-01 16:03:45,211 - historical_scraper - INFO - --- POTENTIAL DATA IN SCRIPT 39 ---
2026-01-01 16:03:45,214 - historical_scraper - INFO - Script 40 [id=No ID]: self.__next_f.push([1,"b:[[\"$\",\"$L14\",null,{\"type\":\"ipo\"}],[\"$\",\"$L15\",null,{\"adType\":...
2026-01-01 16:03:45,220 - historical_scraper - INFO - --- POTENTIAL DATA IN SCRIPT 40 ---
2026-01-01 16:03:45,225 - historical_scraper - INFO - Script 41 [id=No ID]: self.__next_f.push([1,"12:[[\"$\",\"title\",\"0\",{\"children\":\"IPOs Watch 2024 | IPOs List | New ...
2026-01-01 16:03:45,248 - historical_scraper - INFO - --- POTENTIAL DATA IN SCRIPT 41 ---
2026-01-01 16:03:45,252 - historical_scraper - INFO - Script 42 [id=No ID]: self.__next_f.push([1,"e:null\n"])...
2026-01-01 16:03:45,263 - historical_scraper - INFO - Script 43 [id=No ID]: (function(){function c(){var b=a.contentDocument||a.contentWindow.document;if(b){var d=b.createEleme...
2026-01-01 16:03:45,271 - historical_scraper - ERROR - All extraction methods failed.
